#
# There is insufficient memory for the Java Runtime Environment to continue.
# Native memory allocation (mmap) failed to map 256901120 bytes for committing reserved memory.
# Possible reasons:
#   The system is out of physical RAM or swap space
#   In 32 bit mode, the process size limit was hit
# Possible solutions:
#   Reduce memory load on the system
#   Increase physical memory or swap space
#   Check if swap backing store is full
#   Use 64 bit Java on a 64 bit OS
#   Decrease Java heap size (-Xmx/-Xms)
#   Decrease number of Java threads
#   Decrease Java thread stack sizes (-Xss)
#   Set larger code cache with -XX:ReservedCodeCacheSize=
# This output file may be truncated or incomplete.
#
#  Out of Memory Error (os_linux.cpp:2630), pid=5795, tid=0x00007fc526ff7700
#
# JRE version: OpenJDK Runtime Environment (8.0_121-b13) (build 1.8.0_121-8u121-b13-0ubuntu1.16.04.2-b13)
# Java VM: OpenJDK 64-Bit Server VM (25.121-b13 mixed mode linux-amd64 compressed oops)
# Failed to write core dump. Core dumps have been disabled. To enable core dumping, try "ulimit -c unlimited" before starting Java again
#

---------------  T H R E A D  ---------------

Current thread (0x00007fc54407a800):  VMThread [stack: 0x00007fc526ef7000,0x00007fc526ff8000] [id=5819]

Stack: [0x00007fc526ef7000,0x00007fc526ff8000],  sp=0x00007fc526ff64c0,  free space=1021k
Native frames: (J=compiled Java code, j=interpreted, Vv=VM code, C=native code)
V  [libjvm.so+0xa6647b]
V  [libjvm.so+0x4c32dc]
V  [libjvm.so+0x8b4b60]
V  [libjvm.so+0x8aefde]
V  [libjvm.so+0x929a16]
V  [libjvm.so+0x92ad43]
V  [libjvm.so+0x9273f3]
V  [libjvm.so+0x9276bc]
V  [libjvm.so+0x8d9553]
V  [libjvm.so+0xa68132]
V  [libjvm.so+0xa6d217]
V  [libjvm.so+0xa6a9e7]
V  [libjvm.so+0xa6be6f]
V  [libjvm.so+0xa6c361]
V  [libjvm.so+0x8b2042]

VM_Operation (0x00007fc54c8da270): ParallelGCFailedAllocation, mode: safepoint, requested by thread 0x00007fc54400d000


---------------  P R O C E S S  ---------------

Java Threads: ( => current thread )
  0x00007fc5440cc000 JavaThread "Service Thread" daemon [_thread_blocked, id=5842, stack(0x00007fc5262e8000,0x00007fc5263e9000)]
  0x00007fc5440c6800 JavaThread "C1 CompilerThread2" daemon [_thread_blocked, id=5841, stack(0x00007fc5263e9000,0x00007fc5264ea000)]
  0x00007fc5440c4800 JavaThread "C2 CompilerThread1" daemon [_thread_blocked, id=5840, stack(0x00007fc5264ea000,0x00007fc5265eb000)]
  0x00007fc5440c2000 JavaThread "C2 CompilerThread0" daemon [_thread_blocked, id=5839, stack(0x00007fc5265eb000,0x00007fc5266ec000)]
  0x00007fc50c001000 JavaThread "JDWP Command Reader" daemon [_thread_in_native, id=5838, stack(0x00007fc5266ec000,0x00007fc5267ed000)]
  0x00007fc5440bf800 JavaThread "JDWP Event Helper Thread" daemon [_thread_blocked, id=5836, stack(0x00007fc5267ed000,0x00007fc5268ee000)]
  0x00007fc5440bc000 JavaThread "JDWP Transport Listener: dt_socket" daemon [_thread_blocked, id=5824, stack(0x00007fc5268ee000,0x00007fc5269ef000)]
  0x00007fc5440ad000 JavaThread "Signal Dispatcher" daemon [_thread_blocked, id=5822, stack(0x00007fc526bf4000,0x00007fc526cf5000)]
  0x00007fc544086800 JavaThread "Finalizer" daemon [_thread_blocked, id=5821, stack(0x00007fc526cf5000,0x00007fc526df6000)]
  0x00007fc544082000 JavaThread "Reference Handler" daemon [_thread_blocked, id=5820, stack(0x00007fc526df6000,0x00007fc526ef7000)]
  0x00007fc54400d000 JavaThread "main" [_thread_blocked, id=5797, stack(0x00007fc54c7db000,0x00007fc54c8dc000)]

Other Threads:
=>0x00007fc54407a800 VMThread [stack: 0x00007fc526ef7000,0x00007fc526ff8000] [id=5819]
  0x00007fc5440ce000 WatcherThread [stack: 0x00007fc5261e7000,0x00007fc5262e8000] [id=5843]

VM state:at safepoint (normal execution)

VM Mutex/Monitor currently owned by a thread:  ([mutex/lock_event])
[0x00007fc5440092a0] Threads_lock - owner thread: 0x00007fc54407a800
[0x00007fc5440097a0] Heap_lock - owner thread: 0x00007fc54400d000

Heap:
 PSYoungGen      total 253952K, used 5120K [0x00000000d7580000, 0x00000000e7380000, 0x0000000100000000)
  eden space 248832K, 0% used [0x00000000d7580000,0x00000000d7580000,0x00000000e6880000)
  from space 5120K, 100% used [0x00000000e6880000,0x00000000e6d80000,0x00000000e6d80000)
  to   space 4096K, 0% used [0x00000000e6d80000,0x00000000e6d80000,0x00000000e7180000)
 ParOldGen       total 83456K, used 1749K [0x0000000086000000, 0x000000008b180000, 0x00000000d7580000)
  object space 83456K, 2% used [0x0000000086000000,0x00000000861b56c8,0x000000008b180000)
 Metaspace       used 6343K, capacity 7640K, committed 7808K, reserved 1056768K
  class space    used 937K, capacity 1032K, committed 1152K, reserved 1048576K

Card table byte_map: [0x00007fc548232000,0x00007fc548603000] byte_map_base: 0x00007fc547e02000

Marking Bits: (ParMarkBitMap*) 0x00007fc54baaf220
 Begin Bits: [0x00007fc52c300000, 0x00007fc52e180000)
 End Bits:   [0x00007fc52e180000, 0x00007fc530000000)

Polling page: 0x00007fc54c901000

CodeCache: size=245760Kb used=3504Kb max_used=3504Kb free=242255Kb
 bounds [0x00007fc535000000, 0x00007fc535380000, 0x00007fc544000000]
 total_blobs=1044 nmethods=791 adapters=176
 compilation: enabled

Compilation events (10 events):
Event: 2,526 Thread 0x00007fc5440c2000 nmethod 792 0x00007fc535363c50 code [0x00007fc535363f00, 0x00007fc535365770]
Event: 2,534 Thread 0x00007fc5440c4800 nmethod 794 0x00007fc535336150 code [0x00007fc5353362a0, 0x00007fc535336318]
Event: 2,538 Thread 0x00007fc5440c6800  797       3       sun.misc.FloatingDecimal$ASCIIToBinaryBuffer::floatValue (1087 bytes)
Event: 2,543 Thread 0x00007fc5440c6800 nmethod 797 0x00007fc535343c50 code [0x00007fc535344060, 0x00007fc535346028]
Event: 2,543 Thread 0x00007fc5440c2000  798       4       sun.misc.FloatingDecimal$ASCIIToBinaryBuffer::floatValue (1087 bytes)
Event: 2,594 Thread 0x00007fc5440c4800  799       4       java.io.BufferedReader::fill (170 bytes)
Event: 2,596 Thread 0x00007fc5440c4800 nmethod 799 0x00007fc535343750 code [0x00007fc5353438c0, 0x00007fc535343a88]
Event: 2,728 Thread 0x00007fc5440c2000 nmethod 798 0x00007fc53536c7d0 code [0x00007fc53536cae0, 0x00007fc53536edb0]
Event: 2,734 Thread 0x00007fc5440c6800  800       3       scala.collection.immutable.HashMap$HashTrieMap::updated0 (240 bytes)
Event: 2,736 Thread 0x00007fc5440c6800 nmethod 800 0x00007fc535369610 code [0x00007fc535369940, 0x00007fc53536b2b8]

GC Heap History (10 events):
Event: 1,352 GC heap after
Heap after GC invocations=2 (full 0):
 PSYoungGen      total 67584K, used 1392K [0x00000000d7580000, 0x00000000dbc80000, 0x0000000100000000)
  eden space 62464K, 0% used [0x00000000d7580000,0x00000000d7580000,0x00000000db280000)
  from space 5120K, 27% used [0x00000000db780000,0x00000000db8dc030,0x00000000dbc80000)
  to   space 5120K, 0% used [0x00000000db280000,0x00000000db280000,0x00000000db780000)
 ParOldGen       total 83456K, used 8K [0x0000000086000000, 0x000000008b180000, 0x00000000d7580000)
  object space 83456K, 0% used [0x0000000086000000,0x0000000086002000,0x000000008b180000)
 Metaspace       used 6290K, capacity 7608K, committed 7680K, reserved 1056768K
  class space    used 920K, capacity 1000K, committed 1024K, reserved 1048576K
}
Event: 1,539 GC heap before
{Heap before GC invocations=3 (full 0):
 PSYoungGen      total 67584K, used 63856K [0x00000000d7580000, 0x00000000dbc80000, 0x0000000100000000)
  eden space 62464K, 100% used [0x00000000d7580000,0x00000000db280000,0x00000000db280000)
  from space 5120K, 27% used [0x00000000db780000,0x00000000db8dc030,0x00000000dbc80000)
  to   space 5120K, 0% used [0x00000000db280000,0x00000000db280000,0x00000000db780000)
 ParOldGen       total 83456K, used 8K [0x0000000086000000, 0x000000008b180000, 0x00000000d7580000)
  object space 83456K, 0% used [0x0000000086000000,0x0000000086002000,0x000000008b180000)
 Metaspace       used 6298K, capacity 7608K, committed 7680K, reserved 1056768K
  class space    used 921K, capacity 1000K, committed 1024K, reserved 1048576K
Event: 1,556 GC heap after
Heap after GC invocations=3 (full 0):
 PSYoungGen      total 67584K, used 1840K [0x00000000d7580000, 0x00000000df980000, 0x0000000100000000)
  eden space 62464K, 0% used [0x00000000d7580000,0x00000000d7580000,0x00000000db280000)
  from space 5120K, 35% used [0x00000000db280000,0x00000000db44c030,0x00000000db780000)
  to   space 5120K, 0% used [0x00000000df480000,0x00000000df480000,0x00000000df980000)
 ParOldGen       total 83456K, used 16K [0x0000000086000000, 0x000000008b180000, 0x00000000d7580000)
  object space 83456K, 0% used [0x0000000086000000,0x0000000086004000,0x000000008b180000)
 Metaspace       used 6298K, capacity 7608K, committed 7680K, reserved 1056768K
  class space    used 921K, capacity 1000K, committed 1024K, reserved 1048576K
}
Event: 1,642 GC heap before
{Heap before GC invocations=4 (full 0):
 PSYoungGen      total 67584K, used 64304K [0x00000000d7580000, 0x00000000df980000, 0x0000000100000000)
  eden space 62464K, 100% used [0x00000000d7580000,0x00000000db280000,0x00000000db280000)
  from space 5120K, 35% used [0x00000000db280000,0x00000000db44c030,0x00000000db780000)
  to   space 5120K, 0% used [0x00000000df480000,0x00000000df480000,0x00000000df980000)
 ParOldGen       total 83456K, used 16K [0x0000000086000000, 0x000000008b180000, 0x00000000d7580000)
  object space 83456K, 0% used [0x0000000086000000,0x0000000086004000,0x000000008b180000)
 Metaspace       used 6301K, capacity 7608K, committed 7680K, reserved 1056768K
  class space    used 921K, capacity 1000K, committed 1024K, reserved 1048576K
Event: 1,671 GC heap after
Heap after GC invocations=4 (full 0):
 PSYoungGen      total 130048K, used 2400K [0x00000000d7580000, 0x00000000df980000, 0x0000000100000000)
  eden space 124928K, 0% used [0x00000000d7580000,0x00000000d7580000,0x00000000def80000)
  from space 5120K, 46% used [0x00000000df480000,0x00000000df6d8020,0x00000000df980000)
  to   space 5120K, 0% used [0x00000000def80000,0x00000000def80000,0x00000000df480000)
 ParOldGen       total 83456K, used 24K [0x0000000086000000, 0x000000008b180000, 0x00000000d7580000)
  object space 83456K, 0% used [0x0000000086000000,0x0000000086006000,0x000000008b180000)
 Metaspace       used 6301K, capacity 7608K, committed 7680K, reserved 1056768K
  class space    used 921K, capacity 1000K, committed 1024K, reserved 1048576K
}
Event: 1,985 GC heap before
{Heap before GC invocations=5 (full 0):
 PSYoungGen      total 130048K, used 127328K [0x00000000d7580000, 0x00000000df980000, 0x0000000100000000)
  eden space 124928K, 100% used [0x00000000d7580000,0x00000000def80000,0x00000000def80000)
  from space 5120K, 46% used [0x00000000df480000,0x00000000df6d8020,0x00000000df980000)
  to   space 5120K, 0% used [0x00000000def80000,0x00000000def80000,0x00000000df480000)
 ParOldGen       total 83456K, used 24K [0x0000000086000000, 0x000000008b180000, 0x00000000d7580000)
  object space 83456K, 0% used [0x0000000086000000,0x0000000086006000,0x000000008b180000)
 Metaspace       used 6301K, capacity 7608K, committed 7680K, reserved 1056768K
  class space    used 921K, capacity 1000K, committed 1024K, reserved 1048576K
Event: 2,000 GC heap after
Heap after GC invocations=5 (full 0):
 PSYoungGen      total 130048K, used 3504K [0x00000000d7580000, 0x00000000e7180000, 0x0000000100000000)
  eden space 124928K, 0% used [0x00000000d7580000,0x00000000d7580000,0x00000000def80000)
  from space 5120K, 68% used [0x00000000def80000,0x00000000df2ec010,0x00000000df480000)
  to   space 4096K, 0% used [0x00000000e6d80000,0x00000000e6d80000,0x00000000e7180000)
 ParOldGen       total 83456K, used 32K [0x0000000086000000, 0x000000008b180000, 0x00000000d7580000)
  object space 83456K, 0% used [0x0000000086000000,0x0000000086008000,0x000000008b180000)
 Metaspace       used 6301K, capacity 7608K, committed 7680K, reserved 1056768K
  class space    used 921K, capacity 1000K, committed 1024K, reserved 1048576K
}
Event: 2,270 GC heap before
{Heap before GC invocations=6 (full 0):
 PSYoungGen      total 130048K, used 128432K [0x00000000d7580000, 0x00000000e7180000, 0x0000000100000000)
  eden space 124928K, 100% used [0x00000000d7580000,0x00000000def80000,0x00000000def80000)
  from space 5120K, 68% used [0x00000000def80000,0x00000000df2ec010,0x00000000df480000)
  to   space 4096K, 0% used [0x00000000e6d80000,0x00000000e6d80000,0x00000000e7180000)
 ParOldGen       total 83456K, used 32K [0x0000000086000000, 0x000000008b180000, 0x00000000d7580000)
  object space 83456K, 0% used [0x0000000086000000,0x0000000086008000,0x000000008b180000)
 Metaspace       used 6301K, capacity 7608K, committed 7680K, reserved 1056768K
  class space    used 921K, capacity 1000K, committed 1024K, reserved 1048576K
Event: 2,306 GC heap after
Heap after GC invocations=6 (full 0):
 PSYoungGen      total 252928K, used 4064K [0x00000000d7580000, 0x00000000e7380000, 0x0000000100000000)
  eden space 248832K, 0% used [0x00000000d7580000,0x00000000d7580000,0x00000000e6880000)
  from space 4096K, 99% used [0x00000000e6d80000,0x00000000e7178020,0x00000000e7180000)
  to   space 5120K, 0% used [0x00000000e6880000,0x00000000e6880000,0x00000000e6d80000)
 ParOldGen       total 83456K, used 588K [0x0000000086000000, 0x000000008b180000, 0x00000000d7580000)
  object space 83456K, 0% used [0x0000000086000000,0x0000000086093230,0x000000008b180000)
 Metaspace       used 6301K, capacity 7608K, committed 7680K, reserved 1056768K
  class space    used 921K, capacity 1000K, committed 1024K, reserved 1048576K
}
Event: 3,188 GC heap before
{Heap before GC invocations=7 (full 0):
 PSYoungGen      total 252928K, used 252896K [0x00000000d7580000, 0x00000000e7380000, 0x0000000100000000)
  eden space 248832K, 100% used [0x00000000d7580000,0x00000000e6880000,0x00000000e6880000)
  from space 4096K, 99% used [0x00000000e6d80000,0x00000000e7178020,0x00000000e7180000)
  to   space 5120K, 0% used [0x00000000e6880000,0x00000000e6880000,0x00000000e6d80000)
 ParOldGen       total 83456K, used 588K [0x0000000086000000, 0x000000008b180000, 0x00000000d7580000)
  object space 83456K, 0% used [0x0000000086000000,0x0000000086093230,0x000000008b180000)
 Metaspace       used 6343K, capacity 7640K, committed 7808K, reserved 1056768K
  class space    used 937K, capacity 1032K, committed 1152K, reserved 1048576K

Deoptimization events (10 events):
Event: 1,024 Thread 0x00007fc54400d000 Uncommon trap: reason=array_check action=maybe_recompile pc=0x00007fc5352a5a38 method=scala.collection.mutable.ArrayBuilder$ofRef.$plus$eq(Ljava/lang/Object;)Lscala/collection/mutable/ArrayBuilder$ofRef; @ 19
Event: 1,047 Thread 0x00007fc54400d000 Uncommon trap: reason=unstable_if action=reinterpret pc=0x00007fc5352a1c60 method=sun.misc.FloatingDecimal.readJavaFormatString(Ljava/lang/String;)Lsun/misc/FloatingDecimal$ASCIIToBinaryConverter; @ 169
Event: 1,147 Thread 0x00007fc54400d000 Uncommon trap: reason=unstable_if action=reinterpret pc=0x00007fc5352c9584 method=sun.misc.FloatingDecimal$ASCIIToBinaryBuffer.floatValue()F @ 190
Event: 2,016 Thread 0x00007fc54400d000 Uncommon trap: reason=unstable_if action=reinterpret pc=0x00007fc5352b65c8 method=sun.misc.FDBigInteger.valueOfMulPow52(JII)Lsun/misc/FDBigInteger; @ 69
Event: 2,016 Thread 0x00007fc54400d000 Uncommon trap: reason=unstable_if action=reinterpret pc=0x00007fc535302388 method=sun.misc.FDBigInteger.cmp(Lsun/misc/FDBigInteger;)I @ 29
Event: 2,219 Thread 0x00007fc54400d000 Uncommon trap: reason=unstable_if action=reinterpret pc=0x00007fc5352a3f80 method=sun.misc.FDBigInteger.leftShift(I)Lsun/misc/FDBigInteger; @ 30
Event: 2,219 Thread 0x00007fc54400d000 Uncommon trap: reason=unstable_if action=reinterpret pc=0x00007fc5352c3128 method=sun.misc.FDBigInteger.rightInplaceSub(Lsun/misc/FDBigInteger;)Lsun/misc/FDBigInteger; @ 215
Event: 2,388 Thread 0x00007fc54400d000 Uncommon trap: reason=unstable_if action=reinterpret pc=0x00007fc53529f198 method=sun.nio.cs.UTF_8$Decoder.decodeArrayLoop(Ljava/nio/ByteBuffer;Ljava/nio/CharBuffer;)Ljava/nio/charset/CoderResult; @ 191
Event: 2,537 Thread 0x00007fc54400d000 Uncommon trap: reason=unstable_if action=reinterpret pc=0x00007fc53533ccdc method=sun.misc.FDBigInteger.cmp(Lsun/misc/FDBigInteger;)I @ 48
Event: 2,721 Thread 0x00007fc54400d000 Uncommon trap: reason=unloaded action=reinterpret pc=0x00007fc535348eb4 method=scala.collection.immutable.HashMap$HashMap1.updated0(Ljava/lang/Object;IILjava/lang/Object;Lscala/Tuple2;Lscala/collection/immutable/HashMap$Merger;)Lscala/collection/immutable

Internal exceptions (9 events):
Event: 0,054 Thread 0x00007fc54400d000 Exception <a 'java/lang/NoSuchMethodError': Method sun.misc.Unsafe.defineClass(Ljava/lang/String;[BII)Ljava/lang/Class; name or signature does not match> (0x00000000d7587ca8) thrown at [/build/openjdk-8-YiEakL/openjdk-8-8u121-b13/src/hotspot/src/share/vm/
Event: 0,054 Thread 0x00007fc54400d000 Exception <a 'java/lang/NoSuchMethodError': Method sun.misc.Unsafe.prefetchRead(Ljava/lang/Object;J)V name or signature does not match> (0x00000000d7587f90) thrown at [/build/openjdk-8-YiEakL/openjdk-8-8u121-b13/src/hotspot/src/share/vm/prims/jni.cpp, lin
Event: 0,602 Thread 0x00007fc54400d000 Exception <a 'java/security/PrivilegedActionException'> (0x00000000d84bb2f0) thrown at [/build/openjdk-8-YiEakL/openjdk-8-8u121-b13/src/hotspot/src/share/vm/prims/jvm.cpp, line 1390]
Event: 0,602 Thread 0x00007fc54400d000 Exception <a 'java/security/PrivilegedActionException'> (0x00000000d84bb6e8) thrown at [/build/openjdk-8-YiEakL/openjdk-8-8u121-b13/src/hotspot/src/share/vm/prims/jvm.cpp, line 1390]
Event: 0,602 Thread 0x00007fc54400d000 Exception <a 'java/security/PrivilegedActionException'> (0x00000000d84bdb40) thrown at [/build/openjdk-8-YiEakL/openjdk-8-8u121-b13/src/hotspot/src/share/vm/prims/jvm.cpp, line 1390]
Event: 0,602 Thread 0x00007fc54400d000 Exception <a 'java/security/PrivilegedActionException'> (0x00000000d84bdf38) thrown at [/build/openjdk-8-YiEakL/openjdk-8-8u121-b13/src/hotspot/src/share/vm/prims/jvm.cpp, line 1390]
Event: 0,602 Thread 0x00007fc54400d000 Exception <a 'java/security/PrivilegedActionException'> (0x00000000d84bede0) thrown at [/build/openjdk-8-YiEakL/openjdk-8-8u121-b13/src/hotspot/src/share/vm/prims/jvm.cpp, line 1390]
Event: 0,602 Thread 0x00007fc54400d000 Exception <a 'java/security/PrivilegedActionException'> (0x00000000d84bf1d8) thrown at [/build/openjdk-8-YiEakL/openjdk-8-8u121-b13/src/hotspot/src/share/vm/prims/jvm.cpp, line 1390]
Event: 0,604 Thread 0x00007fc54400d000 Implicit null exception at 0x00007fc53519e3da to 0x00007fc53519e8b5

Events (10 events):
Event: 2,723 Thread 0x00007fc54400d000 DEOPT UNPACKING pc=0x00007fc535047373 sp=0x00007fc54c8d7670 mode 1
Event: 2,729 loading class scala/collection/immutable/ListMap$Node
Event: 2,729 loading class scala/collection/immutable/ListMap$Node done
Event: 2,729 Thread 0x00007fc54400d000 DEOPT PACKING pc=0x00007fc5351606a9 sp=0x00007fc54c8d7480
Event: 2,729 Thread 0x00007fc54400d000 DEOPT UNPACKING pc=0x00007fc535047373 sp=0x00007fc54c8d7200 mode 1
Event: 2,729 Thread 0x00007fc54400d000 DEOPT PACKING pc=0x00007fc535154854 sp=0x00007fc54c8d7510
Event: 2,729 Thread 0x00007fc54400d000 DEOPT UNPACKING pc=0x00007fc535047373 sp=0x00007fc54c8d7350 mode 1
Event: 2,729 Thread 0x00007fc54400d000 DEOPT PACKING pc=0x00007fc5351545f4 sp=0x00007fc54c8d76a0
Event: 2,729 Thread 0x00007fc54400d000 DEOPT UNPACKING pc=0x00007fc535047373 sp=0x00007fc54c8d74e0 mode 1
Event: 3,188 Executing VM operation: ParallelGCFailedAllocation


Dynamic libraries:
00400000-00401000 r-xp 00000000 08:02 1058667                            /usr/lib/jvm/java-8-openjdk-amd64/jre/bin/java
00600000-00601000 r--p 00000000 08:02 1058667                            /usr/lib/jvm/java-8-openjdk-amd64/jre/bin/java
00601000-00602000 rw-p 00001000 08:02 1058667                            /usr/lib/jvm/java-8-openjdk-amd64/jre/bin/java
016db000-016fc000 rw-p 00000000 00:00 0                                  [heap]
86000000-8b180000 rw-p 00000000 00:00 0 
8b180000-d7580000 ---p 00000000 00:00 0 
d7580000-e7380000 rw-p 00000000 00:00 0 
f6880000-100000000 ---p 00000000 00:00 0 
100000000-100120000 rw-p 00000000 00:00 0 
100120000-140000000 ---p 00000000 00:00 0 
7fc4e8000000-7fc4e8021000 rw-p 00000000 00:00 0 
7fc4e8021000-7fc4ec000000 ---p 00000000 00:00 0 
7fc4f0000000-7fc4f0337000 rw-p 00000000 00:00 0 
7fc4f0337000-7fc4f4000000 ---p 00000000 00:00 0 
7fc4f4000000-7fc4f4021000 rw-p 00000000 00:00 0 
7fc4f4021000-7fc4f8000000 ---p 00000000 00:00 0 
7fc4f8000000-7fc4f8334000 rw-p 00000000 00:00 0 
7fc4f8334000-7fc4fc000000 ---p 00000000 00:00 0 
7fc4fc000000-7fc4fc38e000 rw-p 00000000 00:00 0 
7fc4fc38e000-7fc500000000 ---p 00000000 00:00 0 
7fc500000000-7fc500021000 rw-p 00000000 00:00 0 
7fc500021000-7fc504000000 ---p 00000000 00:00 0 
7fc504000000-7fc504021000 rw-p 00000000 00:00 0 
7fc504021000-7fc508000000 ---p 00000000 00:00 0 
7fc508000000-7fc508021000 rw-p 00000000 00:00 0 
7fc508021000-7fc50c000000 ---p 00000000 00:00 0 
7fc50c000000-7fc50c021000 rw-p 00000000 00:00 0 
7fc50c021000-7fc510000000 ---p 00000000 00:00 0 
7fc510000000-7fc510021000 rw-p 00000000 00:00 0 
7fc510021000-7fc514000000 ---p 00000000 00:00 0 
7fc514000000-7fc514021000 rw-p 00000000 00:00 0 
7fc514021000-7fc518000000 ---p 00000000 00:00 0 
7fc518000000-7fc518021000 rw-p 00000000 00:00 0 
7fc518021000-7fc51c000000 ---p 00000000 00:00 0 
7fc51c000000-7fc51c021000 rw-p 00000000 00:00 0 
7fc51c021000-7fc520000000 ---p 00000000 00:00 0 
7fc520000000-7fc520021000 rw-p 00000000 00:00 0 
7fc520021000-7fc524000000 ---p 00000000 00:00 0 
7fc52618e000-7fc5261e7000 r--s 004f9000 08:02 2623328                    /root/.m2/repository/org/scala-lang/scala-library/2.11.5/scala-library-2.11.5.jar
7fc5261e7000-7fc5261e8000 ---p 00000000 00:00 0 
7fc5261e8000-7fc5262e8000 rw-p 00000000 00:00 0 
7fc5262e8000-7fc5262eb000 ---p 00000000 00:00 0 
7fc5262eb000-7fc5263e9000 rw-p 00000000 00:00 0 
7fc5263e9000-7fc5263ec000 ---p 00000000 00:00 0 
7fc5263ec000-7fc5264ea000 rw-p 00000000 00:00 0 
7fc5264ea000-7fc5264ed000 ---p 00000000 00:00 0 
7fc5264ed000-7fc5265eb000 rw-p 00000000 00:00 0 
7fc5265eb000-7fc5265ee000 ---p 00000000 00:00 0 
7fc5265ee000-7fc5266ec000 rw-p 00000000 00:00 0 
7fc5266ec000-7fc5266ef000 ---p 00000000 00:00 0 
7fc5266ef000-7fc5267ed000 rw-p 00000000 00:00 0 
7fc5267ed000-7fc5267f0000 ---p 00000000 00:00 0 
7fc5267f0000-7fc5268ee000 rw-p 00000000 00:00 0 
7fc5268ee000-7fc5268f1000 ---p 00000000 00:00 0 
7fc5268f1000-7fc5269ef000 rw-p 00000000 00:00 0 
7fc5269ef000-7fc5269f3000 r-xp 00000000 08:02 1184553                    /usr/lib/jvm/java-8-openjdk-amd64/jre/lib/amd64/libdt_socket.so
7fc5269f3000-7fc526bf2000 ---p 00004000 08:02 1184553                    /usr/lib/jvm/java-8-openjdk-amd64/jre/lib/amd64/libdt_socket.so
7fc526bf2000-7fc526bf3000 r--p 00003000 08:02 1184553                    /usr/lib/jvm/java-8-openjdk-amd64/jre/lib/amd64/libdt_socket.so
7fc526bf3000-7fc526bf4000 rw-p 00004000 08:02 1184553                    /usr/lib/jvm/java-8-openjdk-amd64/jre/lib/amd64/libdt_socket.so
7fc526bf4000-7fc526bf7000 ---p 00000000 00:00 0 
7fc526bf7000-7fc526cf5000 rw-p 00000000 00:00 0 
7fc526cf5000-7fc526cf8000 ---p 00000000 00:00 0 
7fc526cf8000-7fc526df6000 rw-p 00000000 00:00 0 
7fc526df6000-7fc526df9000 ---p 00000000 00:00 0 
7fc526df9000-7fc526ef7000 rw-p 00000000 00:00 0 
7fc526ef7000-7fc526ef8000 ---p 00000000 00:00 0 
7fc526ef8000-7fc527e80000 rw-p 00000000 00:00 0 
7fc527e80000-7fc528000000 ---p 00000000 00:00 0 
7fc528000000-7fc528021000 rw-p 00000000 00:00 0 
7fc528021000-7fc52c000000 ---p 00000000 00:00 0 
7fc52c02c000-7fc52c052000 r--p 00000000 08:02 1446260                    /usr/share/locale-langpack/de/LC_MESSAGES/libc.mo
7fc52c052000-7fc52c065000 r--s 00346000 08:02 1058217                    /usr/lib/jvm/java-8-openjdk-amd64/jre/lib/resources.jar
7fc52c065000-7fc52c080000 r--s 001d6000 08:02 1574215                    /usr/lib/jvm/java-8-openjdk-amd64/jre/lib/ext/nashorn.jar
7fc52c080000-7fc52c09b000 r--s 00394000 08:02 1577262                    /usr/lib/jvm/java-8-openjdk-amd64/jre/lib/ext/cldrdata.jar
7fc52c09b000-7fc530000000 rw-p 00000000 00:00 0 
7fc530000000-7fc530021000 rw-p 00000000 00:00 0 
7fc530021000-7fc534000000 ---p 00000000 00:00 0 
7fc53400d000-7fc53455f000 rw-p 00000000 00:00 0 
7fc53455f000-7fc53472d000 r--s 03c06000 08:02 1058662                    /usr/lib/jvm/java-8-openjdk-amd64/jre/lib/rt.jar
7fc53472d000-7fc534b73000 rw-p 00000000 00:00 0 
7fc534b73000-7fc534b74000 ---p 00000000 00:00 0 
7fc534b74000-7fc534c74000 rw-p 00000000 00:00 0 
7fc534c74000-7fc534c75000 ---p 00000000 00:00 0 
7fc534c75000-7fc534d9e000 rw-p 00000000 00:00 0 
7fc534d9e000-7fc535000000 ---p 00000000 00:00 0 
7fc535000000-7fc535380000 rwxp 00000000 00:00 0 
7fc535380000-7fc544000000 ---p 00000000 00:00 0 
7fc544000000-7fc5443ad000 rw-p 00000000 00:00 0 
7fc5443ad000-7fc548000000 ---p 00000000 00:00 0 
7fc548001000-7fc548008000 r--s 00000000 08:02 1049765                    /usr/lib/x86_64-linux-gnu/gconv/gconv-modules.cache
7fc548008000-7fc54800c000 r--s 0009a000 08:02 1058222                    /usr/lib/jvm/java-8-openjdk-amd64/jre/lib/jsse.jar
7fc54800c000-7fc54800f000 r--s 00015000 08:02 1058659                    /usr/lib/jvm/java-8-openjdk-amd64/jre/lib/jce.jar
7fc54800f000-7fc548030000 rw-p 00000000 00:00 0 
7fc548030000-7fc548031000 ---p 00000000 00:00 0 
7fc548031000-7fc548131000 rw-p 00000000 00:00 0 
7fc548131000-7fc548132000 ---p 00000000 00:00 0 
7fc548132000-7fc54825b000 rw-p 00000000 00:00 0 
7fc54825b000-7fc5484bc000 ---p 00000000 00:00 0 
7fc5484bc000-7fc54853c000 rw-p 00000000 00:00 0 
7fc54853c000-7fc548602000 ---p 00000000 00:00 0 
7fc548602000-7fc548611000 rw-p 00000000 00:00 0 
7fc548611000-7fc5489c3000 ---p 00000000 00:00 0 
7fc5489c3000-7fc5489cb000 r-xp 00000000 08:02 1184549                    /usr/lib/jvm/java-8-openjdk-amd64/jre/lib/amd64/libzip.so
7fc5489cb000-7fc548bca000 ---p 00008000 08:02 1184549                    /usr/lib/jvm/java-8-openjdk-amd64/jre/lib/amd64/libzip.so
7fc548bca000-7fc548bcb000 r--p 00007000 08:02 1184549                    /usr/lib/jvm/java-8-openjdk-amd64/jre/lib/amd64/libzip.so
7fc548bcb000-7fc548bcc000 rw-p 00008000 08:02 1184549                    /usr/lib/jvm/java-8-openjdk-amd64/jre/lib/amd64/libzip.so
7fc548bcc000-7fc548bd7000 r-xp 00000000 08:02 4200118                    /lib/x86_64-linux-gnu/libnss_files-2.23.so
7fc548bd7000-7fc548dd6000 ---p 0000b000 08:02 4200118                    /lib/x86_64-linux-gnu/libnss_files-2.23.so
7fc548dd6000-7fc548dd7000 r--p 0000a000 08:02 4200118                    /lib/x86_64-linux-gnu/libnss_files-2.23.so
7fc548dd7000-7fc548dd8000 rw-p 0000b000 08:02 4200118                    /lib/x86_64-linux-gnu/libnss_files-2.23.so
7fc548dd8000-7fc548dde000 rw-p 00000000 00:00 0 
7fc548dde000-7fc548de9000 r-xp 00000000 08:02 4200111                    /lib/x86_64-linux-gnu/libnss_nis-2.23.so
7fc548de9000-7fc548fe8000 ---p 0000b000 08:02 4200111                    /lib/x86_64-linux-gnu/libnss_nis-2.23.so
7fc548fe8000-7fc548fe9000 r--p 0000a000 08:02 4200111                    /lib/x86_64-linux-gnu/libnss_nis-2.23.so
7fc548fe9000-7fc548fea000 rw-p 0000b000 08:02 4200111                    /lib/x86_64-linux-gnu/libnss_nis-2.23.so
7fc548fea000-7fc549000000 r-xp 00000000 08:02 4200113                    /lib/x86_64-linux-gnu/libnsl-2.23.so
7fc549000000-7fc5491ff000 ---p 00016000 08:02 4200113                    /lib/x86_64-linux-gnu/libnsl-2.23.so
7fc5491ff000-7fc549200000 r--p 00015000 08:02 4200113                    /lib/x86_64-linux-gnu/libnsl-2.23.so
7fc549200000-7fc549201000 rw-p 00016000 08:02 4200113                    /lib/x86_64-linux-gnu/libnsl-2.23.so
7fc549201000-7fc549203000 rw-p 00000000 00:00 0 
7fc549203000-7fc54920b000 r-xp 00000000 08:02 4200120                    /lib/x86_64-linux-gnu/libnss_compat-2.23.so
7fc54920b000-7fc54940a000 ---p 00008000 08:02 4200120                    /lib/x86_64-linux-gnu/libnss_compat-2.23.so
7fc54940a000-7fc54940b000 r--p 00007000 08:02 4200120                    /lib/x86_64-linux-gnu/libnss_compat-2.23.so
7fc54940b000-7fc54940c000 rw-p 00008000 08:02 4200120                    /lib/x86_64-linux-gnu/libnss_compat-2.23.so
7fc54940c000-7fc549868000 r--p 00000000 08:02 789264                     /usr/lib/locale/locale-archive
7fc549868000-7fc54986a000 r-xp 00000000 08:02 1184568                    /usr/lib/jvm/java-8-openjdk-amd64/jre/lib/amd64/libnpt.so
7fc54986a000-7fc549a6a000 ---p 00002000 08:02 1184568                    /usr/lib/jvm/java-8-openjdk-amd64/jre/lib/amd64/libnpt.so
7fc549a6a000-7fc549a6b000 r--p 00002000 08:02 1184568                    /usr/lib/jvm/java-8-openjdk-amd64/jre/lib/amd64/libnpt.so
7fc549a6b000-7fc549a6c000 rw-p 00003000 08:02 1184568                    /usr/lib/jvm/java-8-openjdk-amd64/jre/lib/amd64/libnpt.so
7fc549a6c000-7fc549aa7000 r-xp 00000000 08:02 1184562                    /usr/lib/jvm/java-8-openjdk-amd64/jre/lib/amd64/libjdwp.so
7fc549aa7000-7fc549ca6000 ---p 0003b000 08:02 1184562                    /usr/lib/jvm/java-8-openjdk-amd64/jre/lib/amd64/libjdwp.so
7fc549ca6000-7fc549ca7000 r--p 0003a000 08:02 1184562                    /usr/lib/jvm/java-8-openjdk-amd64/jre/lib/amd64/libjdwp.so
7fc549ca7000-7fc549ca8000 rw-p 0003b000 08:02 1184562                    /usr/lib/jvm/java-8-openjdk-amd64/jre/lib/amd64/libjdwp.so
7fc549ca8000-7fc549cd5000 r-xp 00000000 08:02 1184571                    /usr/lib/jvm/java-8-openjdk-amd64/jre/lib/amd64/libjava.so
7fc549cd5000-7fc549ed4000 ---p 0002d000 08:02 1184571                    /usr/lib/jvm/java-8-openjdk-amd64/jre/lib/amd64/libjava.so
7fc549ed4000-7fc549ed5000 r--p 0002c000 08:02 1184571                    /usr/lib/jvm/java-8-openjdk-amd64/jre/lib/amd64/libjava.so
7fc549ed5000-7fc549ed7000 rw-p 0002d000 08:02 1184571                    /usr/lib/jvm/java-8-openjdk-amd64/jre/lib/amd64/libjava.so
7fc549ed7000-7fc549ee6000 r-xp 00000000 08:02 1184542                    /usr/lib/jvm/java-8-openjdk-amd64/jre/lib/amd64/libverify.so
7fc549ee6000-7fc54a0e5000 ---p 0000f000 08:02 1184542                    /usr/lib/jvm/java-8-openjdk-amd64/jre/lib/amd64/libverify.so
7fc54a0e5000-7fc54a0e7000 r--p 0000e000 08:02 1184542                    /usr/lib/jvm/java-8-openjdk-amd64/jre/lib/amd64/libverify.so
7fc54a0e7000-7fc54a0e8000 rw-p 00010000 08:02 1184542                    /usr/lib/jvm/java-8-openjdk-amd64/jre/lib/amd64/libverify.so
7fc54a0e8000-7fc54a0ef000 r-xp 00000000 08:02 4200121                    /lib/x86_64-linux-gnu/librt-2.23.so
7fc54a0ef000-7fc54a2ee000 ---p 00007000 08:02 4200121                    /lib/x86_64-linux-gnu/librt-2.23.so
7fc54a2ee000-7fc54a2ef000 r--p 00006000 08:02 4200121                    /lib/x86_64-linux-gnu/librt-2.23.so
7fc54a2ef000-7fc54a2f0000 rw-p 00007000 08:02 4200121                    /lib/x86_64-linux-gnu/librt-2.23.so
7fc54a2f0000-7fc54a306000 r-xp 00000000 08:02 4198916                    /lib/x86_64-linux-gnu/libgcc_s.so.1
7fc54a306000-7fc54a505000 ---p 00016000 08:02 4198916                    /lib/x86_64-linux-gnu/libgcc_s.so.1
7fc54a505000-7fc54a506000 rw-p 00015000 08:02 4198916                    /lib/x86_64-linux-gnu/libgcc_s.so.1
7fc54a506000-7fc54a60e000 r-xp 00000000 08:02 4200112                    /lib/x86_64-linux-gnu/libm-2.23.so
7fc54a60e000-7fc54a80d000 ---p 00108000 08:02 4200112                    /lib/x86_64-linux-gnu/libm-2.23.so
7fc54a80d000-7fc54a80e000 r--p 00107000 08:02 4200112                    /lib/x86_64-linux-gnu/libm-2.23.so
7fc54a80e000-7fc54a80f000 rw-p 00108000 08:02 4200112                    /lib/x86_64-linux-gnu/libm-2.23.so
7fc54a80f000-7fc54a981000 r-xp 00000000 08:02 791341                     /usr/lib/x86_64-linux-gnu/libstdc++.so.6.0.21
7fc54a981000-7fc54ab81000 ---p 00172000 08:02 791341                     /usr/lib/x86_64-linux-gnu/libstdc++.so.6.0.21
7fc54ab81000-7fc54ab8b000 r--p 00172000 08:02 791341                     /usr/lib/x86_64-linux-gnu/libstdc++.so.6.0.21
7fc54ab8b000-7fc54ab8d000 rw-p 0017c000 08:02 791341                     /usr/lib/x86_64-linux-gnu/libstdc++.so.6.0.21
7fc54ab8d000-7fc54ab91000 rw-p 00000000 00:00 0 
7fc54ab91000-7fc54b7e1000 r-xp 00000000 08:02 1323070                    /usr/lib/jvm/java-8-openjdk-amd64/jre/lib/amd64/server/libjvm.so
7fc54b7e1000-7fc54b9e0000 ---p 00c50000 08:02 1323070                    /usr/lib/jvm/java-8-openjdk-amd64/jre/lib/amd64/server/libjvm.so
7fc54b9e0000-7fc54ba73000 r--p 00c4f000 08:02 1323070                    /usr/lib/jvm/java-8-openjdk-amd64/jre/lib/amd64/server/libjvm.so
7fc54ba73000-7fc54ba9c000 rw-p 00ce2000 08:02 1323070                    /usr/lib/jvm/java-8-openjdk-amd64/jre/lib/amd64/server/libjvm.so
7fc54ba9c000-7fc54bacc000 rw-p 00000000 00:00 0 
7fc54bacc000-7fc54bae4000 r-xp 00000000 08:02 4200125                    /lib/x86_64-linux-gnu/libpthread-2.23.so
7fc54bae4000-7fc54bce3000 ---p 00018000 08:02 4200125                    /lib/x86_64-linux-gnu/libpthread-2.23.so
7fc54bce3000-7fc54bce4000 r--p 00017000 08:02 4200125                    /lib/x86_64-linux-gnu/libpthread-2.23.so
7fc54bce4000-7fc54bce5000 rw-p 00018000 08:02 4200125                    /lib/x86_64-linux-gnu/libpthread-2.23.so
7fc54bce5000-7fc54bce9000 rw-p 00000000 00:00 0 
7fc54bce9000-7fc54bcec000 r-xp 00000000 08:02 4200110                    /lib/x86_64-linux-gnu/libdl-2.23.so
7fc54bcec000-7fc54beeb000 ---p 00003000 08:02 4200110                    /lib/x86_64-linux-gnu/libdl-2.23.so
7fc54beeb000-7fc54beec000 r--p 00002000 08:02 4200110                    /lib/x86_64-linux-gnu/libdl-2.23.so
7fc54beec000-7fc54beed000 rw-p 00003000 08:02 4200110                    /lib/x86_64-linux-gnu/libdl-2.23.so
7fc54beed000-7fc54bf06000 r-xp 00000000 08:02 4199069                    /lib/x86_64-linux-gnu/libz.so.1.2.8
7fc54bf06000-7fc54c105000 ---p 00019000 08:02 4199069                    /lib/x86_64-linux-gnu/libz.so.1.2.8
7fc54c105000-7fc54c106000 r--p 00018000 08:02 4199069                    /lib/x86_64-linux-gnu/libz.so.1.2.8
7fc54c106000-7fc54c107000 rw-p 00019000 08:02 4199069                    /lib/x86_64-linux-gnu/libz.so.1.2.8
7fc54c107000-7fc54c2c6000 r-xp 00000000 08:02 4200114                    /lib/x86_64-linux-gnu/libc-2.23.so
7fc54c2c6000-7fc54c4c6000 ---p 001bf000 08:02 4200114                    /lib/x86_64-linux-gnu/libc-2.23.so
7fc54c4c6000-7fc54c4ca000 r--p 001bf000 08:02 4200114                    /lib/x86_64-linux-gnu/libc-2.23.so
7fc54c4ca000-7fc54c4cc000 rw-p 001c3000 08:02 4200114                    /lib/x86_64-linux-gnu/libc-2.23.so
7fc54c4cc000-7fc54c4d0000 rw-p 00000000 00:00 0 
7fc54c4d0000-7fc54c4dd000 r-xp 00000000 08:02 1317319                    /usr/lib/jvm/java-8-openjdk-amd64/jre/lib/amd64/jli/libjli.so
7fc54c4dd000-7fc54c6dd000 ---p 0000d000 08:02 1317319                    /usr/lib/jvm/java-8-openjdk-amd64/jre/lib/amd64/jli/libjli.so
7fc54c6dd000-7fc54c6de000 r--p 0000d000 08:02 1317319                    /usr/lib/jvm/java-8-openjdk-amd64/jre/lib/amd64/jli/libjli.so
7fc54c6de000-7fc54c6df000 rw-p 0000e000 08:02 1317319                    /usr/lib/jvm/java-8-openjdk-amd64/jre/lib/amd64/jli/libjli.so
7fc54c6df000-7fc54c705000 r-xp 00000000 08:02 4200115                    /lib/x86_64-linux-gnu/ld-2.23.so
7fc54c705000-7fc54c706000 r--s 00000000 08:02 1051678                    /usr/lib/jvm/java-8-openjdk-amd64/jre/lib/management-agent.jar
7fc54c706000-7fc54c70b000 r--s 002f9000 08:02 1058661                    /usr/lib/jvm/java-8-openjdk-amd64/jre/lib/charsets.jar
7fc54c70b000-7fc54c70d000 r--s 00008000 08:02 1574214                    /usr/lib/jvm/java-8-openjdk-amd64/jre/lib/ext/sunec.jar
7fc54c70d000-7fc54c710000 r--s 0000f000 08:02 1577261                    /usr/lib/jvm/java-8-openjdk-amd64/jre/lib/ext/icedtea-sound.jar
7fc54c710000-7fc54c7db000 rw-p 00000000 00:00 0 
7fc54c7db000-7fc54c7de000 ---p 00000000 00:00 0 
7fc54c7de000-7fc54c8e1000 rw-p 00000000 00:00 0 
7fc54c8e1000-7fc54c8e3000 r--s 00001000 08:02 1577260                    /usr/lib/jvm/java-8-openjdk-amd64/jre/lib/ext/dnsns.jar
7fc54c8e3000-7fc54c8e4000 r--s 0000a000 08:02 1577267                    /usr/lib/jvm/java-8-openjdk-amd64/jre/lib/ext/jaccess.jar
7fc54c8e4000-7fc54c8ee000 r--s 00116000 08:02 1577265                    /usr/lib/jvm/java-8-openjdk-amd64/jre/lib/ext/localedata.jar
7fc54c8ee000-7fc54c8f2000 r--s 00037000 08:02 1577264                    /usr/lib/jvm/java-8-openjdk-amd64/jre/lib/ext/sunpkcs11.jar
7fc54c8f2000-7fc54c8f3000 r--s 00010000 08:02 1577263                    /usr/lib/jvm/java-8-openjdk-amd64/jre/lib/ext/zipfs.jar
7fc54c8f3000-7fc54c8f8000 r--s 0003b000 08:02 1577266                    /usr/lib/jvm/java-8-openjdk-amd64/jre/lib/ext/sunjce_provider.jar
7fc54c8f8000-7fc54c900000 rw-s 00000000 08:02 4980827                    /tmp/hsperfdata_root/5795
7fc54c900000-7fc54c901000 rw-p 00000000 00:00 0 
7fc54c901000-7fc54c902000 ---p 00000000 00:00 0 
7fc54c902000-7fc54c904000 rw-p 00000000 00:00 0 
7fc54c904000-7fc54c905000 r--p 00025000 08:02 4200115                    /lib/x86_64-linux-gnu/ld-2.23.so
7fc54c905000-7fc54c906000 rw-p 00026000 08:02 4200115                    /lib/x86_64-linux-gnu/ld-2.23.so
7fc54c906000-7fc54c907000 rw-p 00000000 00:00 0 
7ffe29661000-7ffe29682000 rw-p 00000000 00:00 0                          [stack]
7ffe296e7000-7ffe296e9000 r--p 00000000 00:00 0                          [vvar]
7ffe296e9000-7ffe296eb000 r-xp 00000000 00:00 0                          [vdso]
ffffffffff600000-ffffffffff601000 r-xp 00000000 00:00 0                  [vsyscall]

VM Arguments:
jvm_args: -agentlib:jdwp=transport=dt_socket,address=127.0.0.1:34982,suspend=y,server=n -Dfile.encoding=UTF-8 
java_command: com.ir.we_expander /home/neele/Dokumente/InformationRetrieval/10000Samples /home/neele/Dokumente/InformationRetrieval/wikipedia-300-mincount-50-window-8-cbow.txt
java_class_path (initial): /usr/lib/jvm/java-1.8.0-openjdk-amd64/jre/lib/charsets.jar:/usr/lib/jvm/java-1.8.0-openjdk-amd64/jre/lib/ext/cldrdata.jar:/usr/lib/jvm/java-1.8.0-openjdk-amd64/jre/lib/ext/dnsns.jar:/usr/lib/jvm/java-1.8.0-openjdk-amd64/jre/lib/ext/icedtea-sound.jar:/usr/lib/jvm/java-1.8.0-openjdk-amd64/jre/lib/ext/jaccess.jar:/usr/lib/jvm/java-1.8.0-openjdk-amd64/jre/lib/ext/localedata.jar:/usr/lib/jvm/java-1.8.0-openjdk-amd64/jre/lib/ext/nashorn.jar:/usr/lib/jvm/java-1.8.0-openjdk-amd64/jre/lib/ext/sunec.jar:/usr/lib/jvm/java-1.8.0-openjdk-amd64/jre/lib/ext/sunjce_provider.jar:/usr/lib/jvm/java-1.8.0-openjdk-amd64/jre/lib/ext/sunpkcs11.jar:/usr/lib/jvm/java-1.8.0-openjdk-amd64/jre/lib/ext/zipfs.jar:/usr/lib/jvm/java-1.8.0-openjdk-amd64/jre/lib/jce.jar:/usr/lib/jvm/java-1.8.0-openjdk-amd64/jre/lib/jsse.jar:/usr/lib/jvm/java-1.8.0-openjdk-amd64/jre/lib/management-agent.jar:/usr/lib/jvm/java-1.8.0-openjdk-amd64/jre/lib/resources.jar:/usr/lib/jvm/java-1.8.0-openjdk-amd64/jre/lib/rt.jar:/home/neele/Dokumente/InformationRetrieval/we-expander/target/classes:/root/.m2/repository/org/scala-lang/scala-library/2.11.5/scala-library-2.11.5.jar:/home/neele/Schreibtisch/idea-IC-162.2228.15/lib/idea_rt.jar
Launcher Type: SUN_STANDARD

Environment Variables:
PATH=/usr/local/sbin:/usr/local/bin:/usr/sbin:/usr/bin:/sbin:/bin:/snap/bin
USERNAME=root
LD_LIBRARY_PATH=.:
SHELL=/bin/bash
DISPLAY=:0

Signal Handlers:
SIGSEGV: [libjvm.so+0xa66fd0], sa_mask[0]=11111111011111111101111111111110, sa_flags=SA_RESTART|SA_SIGINFO
SIGBUS: [libjvm.so+0xa66fd0], sa_mask[0]=11111111011111111101111111111110, sa_flags=SA_RESTART|SA_SIGINFO
SIGFPE: [libjvm.so+0x8b0180], sa_mask[0]=11111111011111111101111111111110, sa_flags=SA_RESTART|SA_SIGINFO
SIGPIPE: [libjvm.so+0x8b0180], sa_mask[0]=11111111011111111101111111111110, sa_flags=SA_RESTART|SA_SIGINFO
SIGXFSZ: [libjvm.so+0x8b0180], sa_mask[0]=11111111011111111101111111111110, sa_flags=SA_RESTART|SA_SIGINFO
SIGILL: [libjvm.so+0x8b0180], sa_mask[0]=11111111011111111101111111111110, sa_flags=SA_RESTART|SA_SIGINFO
SIGUSR1: SIG_DFL, sa_mask[0]=00000000000000000000000000000000, sa_flags=none
SIGUSR2: [libjvm.so+0x8b0030], sa_mask[0]=00100000000000000000000000000000, sa_flags=SA_RESTART|SA_SIGINFO
SIGHUP: [libjvm.so+0x8b0500], sa_mask[0]=11111111011111111101111111111110, sa_flags=SA_RESTART|SA_SIGINFO
SIGINT: [libjvm.so+0x8b0500], sa_mask[0]=11111111011111111101111111111110, sa_flags=SA_RESTART|SA_SIGINFO
SIGTERM: [libjvm.so+0x8b0500], sa_mask[0]=11111111011111111101111111111110, sa_flags=SA_RESTART|SA_SIGINFO
SIGQUIT: [libjvm.so+0x8b0500], sa_mask[0]=11111111011111111101111111111110, sa_flags=SA_RESTART|SA_SIGINFO


---------------  S Y S T E M  ---------------

OS:DISTRIB_ID=Ubuntu
DISTRIB_RELEASE=16.04
DISTRIB_CODENAME=xenial
DISTRIB_DESCRIPTION="Ubuntu 16.04.1 LTS"

uname:Linux 4.4.0-66-generic #87-Ubuntu SMP Fri Mar 3 15:29:05 UTC 2017 x86_64
libc:glibc 2.23 NPTL 2.23 
rlimit: STACK 8192k, CORE 0k, NPROC 30797, NOFILE 65536, AS infinity
load average:2,48 2,64 1,98

/proc/meminfo:
MemTotal:        7987960 kB
MemFree:          164144 kB
MemAvailable:      78852 kB
Buffers:            1720 kB
Cached:           150096 kB
SwapCached:        29156 kB
Active:          6245392 kB
Inactive:        1325280 kB
Active(anon):    6219864 kB
Inactive(anon):  1304364 kB
Active(file):      25528 kB
Inactive(file):    20916 kB
Unevictable:          32 kB
Mlocked:              32 kB
SwapTotal:       8200700 kB
SwapFree:             40 kB
Dirty:              1916 kB
Writeback:             0 kB
AnonPages:       7391164 kB
Mapped:            90168 kB
Shmem:            104536 kB
Slab:             103416 kB
SReclaimable:      52708 kB
SUnreclaim:        50708 kB
KernelStack:       22144 kB
PageTables:        72712 kB
NFS_Unstable:          0 kB
Bounce:                0 kB
WritebackTmp:          0 kB
CommitLimit:    12194680 kB
Committed_AS:   25923604 kB
VmallocTotal:   34359738367 kB
VmallocUsed:           0 kB
VmallocChunk:          0 kB
HardwareCorrupted:     0 kB
AnonHugePages:   3233792 kB
CmaTotal:              0 kB
CmaFree:               0 kB
HugePages_Total:       0
HugePages_Free:        0
HugePages_Rsvd:        0
HugePages_Surp:        0
Hugepagesize:       2048 kB
DirectMap4k:      133032 kB
DirectMap2M:     8069120 kB


CPU:total 4 (2 cores per cpu, 2 threads per core) family 6 model 58 stepping 9, cmov, cx8, fxsr, mmx, sse, sse2, sse3, ssse3, sse4.1, sse4.2, popcnt, avx, aes, clmul, erms, ht, tsc, tscinvbit, tscinv

/proc/cpuinfo:
processor	: 0
vendor_id	: GenuineIntel
cpu family	: 6
model		: 58
model name	: Intel(R) Core(TM) i7-3517U CPU @ 1.90GHz
stepping	: 9
microcode	: 0x1c
cpu MHz		: 2799.937
cache size	: 4096 KB
physical id	: 0
siblings	: 4
core id		: 0
cpu cores	: 2
apicid		: 0
initial apicid	: 0
fpu		: yes
fpu_exception	: yes
cpuid level	: 13
wp		: yes
flags		: fpu vme de pse tsc msr pae mce cx8 apic sep mtrr pge mca cmov pat pse36 clflush dts acpi mmx fxsr sse sse2 ss ht tm pbe syscall nx rdtscp lm constant_tsc arch_perfmon pebs bts rep_good nopl xtopology nonstop_tsc aperfmperf eagerfpu pni pclmulqdq dtes64 monitor ds_cpl vmx est tm2 ssse3 cx16 xtpr pdcm pcid sse4_1 sse4_2 x2apic popcnt tsc_deadline_timer aes xsave avx f16c rdrand lahf_lm epb tpr_shadow vnmi flexpriority ept vpid fsgsbase smep erms xsaveopt dtherm ida arat pln pts
bugs		:
bogomips	: 4788.88
clflush size	: 64
cache_alignment	: 64
address sizes	: 36 bits physical, 48 bits virtual
power management:

processor	: 1
vendor_id	: GenuineIntel
cpu family	: 6
model		: 58
model name	: Intel(R) Core(TM) i7-3517U CPU @ 1.90GHz
stepping	: 9
microcode	: 0x1c
cpu MHz		: 2799.937
cache size	: 4096 KB
physical id	: 0
siblings	: 4
core id		: 0
cpu cores	: 2
apicid		: 1
initial apicid	: 1
fpu		: yes
fpu_exception	: yes
cpuid level	: 13
wp		: yes
flags		: fpu vme de pse tsc msr pae mce cx8 apic sep mtrr pge mca cmov pat pse36 clflush dts acpi mmx fxsr sse sse2 ss ht tm pbe syscall nx rdtscp lm constant_tsc arch_perfmon pebs bts rep_good nopl xtopology nonstop_tsc aperfmperf eagerfpu pni pclmulqdq dtes64 monitor ds_cpl vmx est tm2 ssse3 cx16 xtpr pdcm pcid sse4_1 sse4_2 x2apic popcnt tsc_deadline_timer aes xsave avx f16c rdrand lahf_lm epb tpr_shadow vnmi flexpriority ept vpid fsgsbase smep erms xsaveopt dtherm ida arat pln pts
bugs		:
bogomips	: 4788.88
clflush size	: 64
cache_alignment	: 64
address sizes	: 36 bits physical, 48 bits virtual
power management:

processor	: 2
vendor_id	: GenuineIntel
cpu family	: 6
model		: 58
model name	: Intel(R) Core(TM) i7-3517U CPU @ 1.90GHz
stepping	: 9
microcode	: 0x1c
cpu MHz		: 2799.937
cache size	: 4096 KB
physical id	: 0
siblings	: 4
core id		: 1
cpu cores	: 2
apicid		: 2
initial apicid	: 2
fpu		: yes
fpu_exception	: yes
cpuid level	: 13
wp		: yes
flags		: fpu vme de pse tsc msr pae mce cx8 apic sep mtrr pge mca cmov pat pse36 clflush dts acpi mmx fxsr sse sse2 ss ht tm pbe syscall nx rdtscp lm constant_tsc arch_perfmon pebs bts rep_good nopl xtopology nonstop_tsc aperfmperf eagerfpu pni pclmulqdq dtes64 monitor ds_cpl vmx est tm2 ssse3 cx16 xtpr pdcm pcid sse4_1 sse4_2 x2apic popcnt tsc_deadline_timer aes xsave avx f16c rdrand lahf_lm epb tpr_shadow vnmi flexpriority ept vpid fsgsbase smep erms xsaveopt dtherm ida arat pln pts
bugs		:
bogomips	: 4788.88
clflush size	: 64
cache_alignment	: 64
address sizes	: 36 bits physical, 48 bits virtual
power management:

processor	: 3
vendor_id	: GenuineIntel
cpu family	: 6
model		: 58
model name	: Intel(R) Core(TM) i7-3517U CPU @ 1.90GHz
stepping	: 9
microcode	: 0x1c
cpu MHz		: 2799.937
cache size	: 4096 KB
physical id	: 0
siblings	: 4
core id		: 1
cpu cores	: 2
apicid		: 3
initial apicid	: 3
fpu		: yes
fpu_exception	: yes
cpuid level	: 13
wp		: yes
flags		: fpu vme de pse tsc msr pae mce cx8 apic sep mtrr pge mca cmov pat pse36 clflush dts acpi mmx fxsr sse sse2 ss ht tm pbe syscall nx rdtscp lm constant_tsc arch_perfmon pebs bts rep_good nopl xtopology nonstop_tsc aperfmperf eagerfpu pni pclmulqdq dtes64 monitor ds_cpl vmx est tm2 ssse3 cx16 xtpr pdcm pcid sse4_1 sse4_2 x2apic popcnt tsc_deadline_timer aes xsave avx f16c rdrand lahf_lm epb tpr_shadow vnmi flexpriority ept vpid fsgsbase smep erms xsaveopt dtherm ida arat pln pts
bugs		:
bogomips	: 4788.88
clflush size	: 64
cache_alignment	: 64
address sizes	: 36 bits physical, 48 bits virtual
power management:



Memory: 4k page, physical 7987960k(163144k free), swap 8200700k(40k free)

vm_info: OpenJDK 64-Bit Server VM (25.121-b13) for linux-amd64 JRE (1.8.0_121-8u121-b13-0ubuntu1.16.04.2-b13), built on Jan 23 2017 15:51:29 by "buildd" with gcc 5.4.0 20160609

time: Mon Mar 27 20:35:04 2017
elapsed time: 3 seconds (0d 0h 0m 3s)

